2012.10.25 07:13 B c:\moralcompassdemo\mymoralcompass\moralcompasswp\wp-content\plugins\polldaddy\img\star-yellow-med.png --> marten.arvixe.com /www/wp-content/plugins/polldaddy/img star-yellow-med.png
2012.10.25 07:13 B c:\moralcompassdemo\mymoralcompass\moralcompasswp\wp-content\plugins\polldaddy\img\st-working-male.png --> marten.arvixe.com /www/wp-content/plugins/polldaddy/img st-working-male.png
2012.10.25 07:13 B c:\moralcompassdemo\mymoralcompass\moralcompasswp\wp-content\plugins\polldaddy\img\st-working-female.png --> marten.arvixe.com /www/wp-content/plugins/polldaddy/img st-working-female.png
2012.10.25 07:13 B c:\moralcompassdemo\mymoralcompass\moralcompasswp\wp-content\plugins\polldaddy\img\st-thinking-male.png --> marten.arvixe.com /www/wp-content/plugins/polldaddy/img st-thinking-male.png
2012.10.25 07:13 B c:\moralcompassdemo\mymoralcompass\moralcompasswp\wp-content\plugins\polldaddy\img\st-thinking-female.png --> marten.arvixe.com /www/wp-content/plugins/polldaddy/img st-thinking-female.png
2012.10.25 07:13 B c:\moralcompassdemo\mymoralcompass\moralcompasswp\wp-content\plugins\polldaddy\img\st-tech-light.png --> marten.arvixe.com /www/wp-content/plugins/polldaddy/img st-tech-light.png
2012.10.25 07:13 B c:\moralcompassdemo\mymoralcompass\moralcompasswp\wp-content\plugins\polldaddy\img\st-tech-grey.png --> marten.arvixe.com /www/wp-content/plugins/polldaddy/img st-tech-grey.png
2012.10.25 07:13 B c:\moralcompassdemo\mymoralcompass\moralcompasswp\wp-content\plugins\polldaddy\img\st-tech-dark.png --> marten.arvixe.com /www/wp-content/plugins/polldaddy/img st-tech-dark.png
2012.10.25 07:13 B c:\moralcompassdemo\mymoralcompass\moralcompasswp\wp-content\plugins\polldaddy\img\st-sunset.png --> marten.arvixe.com /www/wp-content/plugins/polldaddy/img st-sunset.png
2012.10.25 07:13 B c:\moralcompassdemo\mymoralcompass\moralcompasswp\wp-content\plugins\polldaddy\img\st-skull-light.png --> marten.arvixe.com /www/wp-content/plugins/polldaddy/img st-skull-light.png
2012.10.25 07:15 B c:\moralcompassdemo\mymoralcompass\moralcompasswp\wp-content\plugins\polldaddy\img\box-texture.png --> marten.arvixe.com /www/wp-content/plugins/polldaddy/img box-texture.png
2012.10.25 07:15 B c:\moralcompassdemo\mymoralcompass\moralcompasswp\wp-content\plugins\polldaddy\img\draggy-handle.png --> marten.arvixe.com /www/wp-content/plugins/polldaddy/img draggy-handle.png
2012.10.25 07:15 B c:\moralcompassdemo\mymoralcompass\moralcompasswp\wp-content\plugins\polldaddy\img\error-blue.png --> marten.arvixe.com /www/wp-content/plugins/polldaddy/img error-blue.png
2012.10.25 07:15 B c:\moralcompassdemo\mymoralcompass\moralcompasswp\wp-content\plugins\polldaddy\img\error-gray.png --> marten.arvixe.com /www/wp-content/plugins/polldaddy/img error-gray.png
2012.10.25 07:15 B c:\moralcompassdemo\mymoralcompass\moralcompasswp\wp-content\plugins\polldaddy\img\icon-clear-search.png --> marten.arvixe.com /www/wp-content/plugins/polldaddy/img icon-clear-search.png
2012.10.25 07:15 B c:\moralcompassdemo\mymoralcompass\moralcompasswp\wp-content\plugins\polldaddy\img\icon-reorder.png --> marten.arvixe.com /www/wp-content/plugins/polldaddy/img icon-reorder.png
2012.10.25 07:15 B c:\moralcompassdemo\mymoralcompass\moralcompasswp\wp-content\plugins\polldaddy\img\icon-report-ip-analysis.png --> marten.arvixe.com /www/wp-content/plugins/polldaddy/img icon-report-ip-analysis.png
2012.10.25 07:15 B c:\moralcompassdemo\mymoralcompass\moralcompasswp\wp-content\plugins\polldaddy\img\pd-wp-icon-blue-lrg.png --> marten.arvixe.com /www/wp-content/plugins/polldaddy/img pd-wp-icon-blue-lrg.png
2012.10.25 07:15 B c:\moralcompassdemo\mymoralcompass\moralcompasswp\wp-content\plugins\polldaddy\img\pd-wp-icon-blue.png --> marten.arvixe.com /www/wp-content/plugins/polldaddy/img pd-wp-icon-blue.png
2012.10.25 07:15 B c:\moralcompassdemo\mymoralcompass\moralcompasswp\wp-content\plugins\polldaddy\img\pd-wp-icon-gray-lrg.png --> marten.arvixe.com /www/wp-content/plugins/polldaddy/img pd-wp-icon-gray-lrg.png
2012.10.25 07:15 B c:\moralcompassdemo\mymoralcompass\moralcompasswp\wp-content\plugins\polldaddy\img\pd-wp-icon-gray.png --> marten.arvixe.com /www/wp-content/plugins/polldaddy/img pd-wp-icon-gray.png
2012.10.25 07:15 B c:\moralcompassdemo\mymoralcompass\moralcompasswp\wp-content\plugins\polldaddy\img\pd-wp-icon-hover.png --> marten.arvixe.com /www/wp-content/plugins/polldaddy/img pd-wp-icon-hover.png
2012.10.25 07:15 B c:\moralcompassdemo\mymoralcompass\moralcompasswp\wp-content\plugins\polldaddy\img\pd-wp-icon.png --> marten.arvixe.com /www/wp-content/plugins/polldaddy/img pd-wp-icon.png
2012.10.25 07:15 B c:\moralcompassdemo\mymoralcompass\moralcompasswp\wp-content\plugins\polldaddy\img\pd-wp-icons.png --> marten.arvixe.com /www/wp-content/plugins/polldaddy/img pd-wp-icons.png
2012.10.25 07:15 B c:\moralcompassdemo\mymoralcompass\moralcompasswp\wp-content\plugins\polldaddy\img\polldaddy.png --> marten.arvixe.com /www/wp-content/plugins/polldaddy/img polldaddy.png
2012.10.25 07:15 B c:\moralcompassdemo\mymoralcompass\moralcompasswp\wp-content\plugins\polldaddy\img\rate-graph-dn.png --> marten.arvixe.com /www/wp-content/plugins/polldaddy/img rate-graph-dn.png
2012.10.25 07:15 B c:\moralcompassdemo\mymoralcompass\moralcompasswp\wp-content\plugins\polldaddy\img\rate-graph-up.png --> marten.arvixe.com /www/wp-content/plugins/polldaddy/img rate-graph-up.png
2012.10.25 07:15 B c:\moralcompassdemo\mymoralcompass\moralcompasswp\wp-content\plugins\polldaddy\img\st-alum-light.png --> marten.arvixe.com /www/wp-content/plugins/polldaddy/img st-alum-light.png
2012.10.25 07:15 B c:\moralcompassdemo\mymoralcompass\moralcompasswp\wp-content\plugins\polldaddy\img\st-loader.gif --> marten.arvixe.com /www/wp-content/plugins/polldaddy/img st-loader.gif
2012.10.25 07:15 B c:\moralcompassdemo\mymoralcompass\moralcompasswp\wp-content\plugins\polldaddy\img\st-manga.png --> marten.arvixe.com /www/wp-content/plugins/polldaddy/img st-manga.png
2012.10.25 07:15 B c:\moralcompassdemo\mymoralcompass\moralcompasswp\wp-content\plugins\polldaddy\img\st-micro.png --> marten.arvixe.com /www/wp-content/plugins/polldaddy/img st-micro.png
2012.10.25 07:15 B c:\moralcompassdemo\mymoralcompass\moralcompasswp\wp-content\plugins\polldaddy\img\st-music.png --> marten.arvixe.com /www/wp-content/plugins/polldaddy/img st-music.png
2012.10.25 07:15 B c:\moralcompassdemo\mymoralcompass\moralcompasswp\wp-content\plugins\polldaddy\img\st-paper.png --> marten.arvixe.com /www/wp-content/plugins/polldaddy/img st-paper.png
2012.10.25 07:15 B c:\moralcompassdemo\mymoralcompass\moralcompasswp\wp-content\plugins\polldaddy\img\st-plain-dark.png --> marten.arvixe.com /www/wp-content/plugins/polldaddy/img st-plain-dark.png
2012.10.25 07:15 B c:\moralcompassdemo\mymoralcompass\moralcompasswp\wp-content\plugins\polldaddy\img\st-plain-light.png --> marten.arvixe.com /www/wp-content/plugins/polldaddy/img st-plain-light.png
2012.10.25 07:15 B c:\moralcompassdemo\mymoralcompass\moralcompasswp\wp-content\plugins\polldaddy\img\st-plastic-black.png --> marten.arvixe.com /www/wp-content/plugins/polldaddy/img st-plastic-black.png
2012.10.25 07:15 B c:\moralcompassdemo\mymoralcompass\moralcompasswp\wp-content\plugins\polldaddy\img\st-plastic-grey.png --> marten.arvixe.com /www/wp-content/plugins/polldaddy/img st-plastic-grey.png
2012.10.25 07:15 B c:\moralcompassdemo\mymoralcompass\moralcompasswp\wp-content\plugins\polldaddy\img\st-plastic-white.png --> marten.arvixe.com /www/wp-content/plugins/polldaddy/img st-plastic-white.png
2012.10.25 07:15 B c:\moralcompassdemo\mymoralcompass\moralcompasswp\wp-content\plugins\polldaddy\img\st-skull-dark.png --> marten.arvixe.com /www/wp-content/plugins/polldaddy/img st-skull-dark.png
2012.10.25 07:15 B c:\moralcompassdemo\mymoralcompass\moralcompasswp\wp-content\plugins\polldaddy\img\st-skull-light.png --> marten.arvixe.com /www/wp-content/plugins/polldaddy/img st-skull-light.png
2012.10.25 07:15 B c:\moralcompassdemo\mymoralcompass\moralcompasswp\wp-content\plugins\polldaddy\img\st-sunset.png --> marten.arvixe.com /www/wp-content/plugins/polldaddy/img st-sunset.png
2012.10.25 07:15 B c:\moralcompassdemo\mymoralcompass\moralcompasswp\wp-content\plugins\polldaddy\img\st-tech-dark.png --> marten.arvixe.com /www/wp-content/plugins/polldaddy/img st-tech-dark.png
2012.10.25 07:15 B c:\moralcompassdemo\mymoralcompass\moralcompasswp\wp-content\plugins\polldaddy\img\st-tech-grey.png --> marten.arvixe.com /www/wp-content/plugins/polldaddy/img st-tech-grey.png
2012.10.25 07:15 B c:\moralcompassdemo\mymoralcompass\moralcompasswp\wp-content\plugins\polldaddy\img\st-tech-light.png --> marten.arvixe.com /www/wp-content/plugins/polldaddy/img st-tech-light.png
2012.10.25 07:15 B c:\moralcompassdemo\mymoralcompass\moralcompasswp\wp-content\plugins\polldaddy\img\st-thinking-female.png --> marten.arvixe.com /www/wp-content/plugins/polldaddy/img st-thinking-female.png
2012.10.25 07:15 B c:\moralcompassdemo\mymoralcompass\moralcompasswp\wp-content\plugins\polldaddy\img\st-thinking-male.png --> marten.arvixe.com /www/wp-content/plugins/polldaddy/img st-thinking-male.png
2012.10.25 07:15 B c:\moralcompassdemo\mymoralcompass\moralcompasswp\wp-content\plugins\polldaddy\img\st-working-female.png --> marten.arvixe.com /www/wp-content/plugins/polldaddy/img st-working-female.png
2012.10.25 07:15 B c:\moralcompassdemo\mymoralcompass\moralcompasswp\wp-content\plugins\polldaddy\img\st-working-male.png --> marten.arvixe.com /www/wp-content/plugins/polldaddy/img st-working-male.png
2012.10.25 07:15 B c:\moralcompassdemo\mymoralcompass\moralcompasswp\wp-content\plugins\polldaddy\img\star-yellow-med.png --> marten.arvixe.com /www/wp-content/plugins/polldaddy/img star-yellow-med.png
