2012.09.09 10:15 B C:\MoralCompassDemo\MoralCompassWP\wp-content\plugins\exec-php\includes\admin.php --> juniper.arvixe.com /osber.net/wwwroot/MoralCompassWP/wp-content/plugins/exec-php/includes admin.php
2012.09.09 10:15 B C:\MoralCompassDemo\MoralCompassWP\wp-content\plugins\exec-php\includes\ajax.php --> juniper.arvixe.com /osber.net/wwwroot/MoralCompassWP/wp-content/plugins/exec-php/includes ajax.php
2012.09.09 10:15 B C:\MoralCompassDemo\MoralCompassWP\wp-content\plugins\exec-php\includes\cache.php --> juniper.arvixe.com /osber.net/wwwroot/MoralCompassWP/wp-content/plugins/exec-php/includes cache.php
2012.09.09 10:15 B C:\MoralCompassDemo\MoralCompassWP\wp-content\plugins\exec-php\includes\config_ui.php --> juniper.arvixe.com /osber.net/wwwroot/MoralCompassWP/wp-content/plugins/exec-php/includes config_ui.php
2012.09.09 10:15 B C:\MoralCompassDemo\MoralCompassWP\wp-content\plugins\exec-php\includes\const.php --> juniper.arvixe.com /osber.net/wwwroot/MoralCompassWP/wp-content/plugins/exec-php/includes const.php
2012.09.09 10:15 B C:\MoralCompassDemo\MoralCompassWP\wp-content\plugins\exec-php\includes\l10n.php --> juniper.arvixe.com /osber.net/wwwroot/MoralCompassWP/wp-content/plugins/exec-php/includes l10n.php
2012.09.09 10:15 B C:\MoralCompassDemo\MoralCompassWP\wp-content\plugins\exec-php\includes\manager.php --> juniper.arvixe.com /osber.net/wwwroot/MoralCompassWP/wp-content/plugins/exec-php/includes manager.php
2012.09.09 10:15 B C:\MoralCompassDemo\MoralCompassWP\wp-content\plugins\exec-php\includes\option.php --> juniper.arvixe.com /osber.net/wwwroot/MoralCompassWP/wp-content/plugins/exec-php/includes option.php
2012.09.09 10:15 B C:\MoralCompassDemo\MoralCompassWP\wp-content\plugins\exec-php\includes\runtime.php --> juniper.arvixe.com /osber.net/wwwroot/MoralCompassWP/wp-content/plugins/exec-php/includes runtime.php
2012.09.09 10:15 B C:\MoralCompassDemo\MoralCompassWP\wp-content\plugins\exec-php\includes\script.php --> juniper.arvixe.com /osber.net/wwwroot/MoralCompassWP/wp-content/plugins/exec-php/includes script.php
2012.09.09 10:15 B C:\MoralCompassDemo\MoralCompassWP\wp-content\plugins\exec-php\includes\style.php --> juniper.arvixe.com /osber.net/wwwroot/MoralCompassWP/wp-content/plugins/exec-php/includes style.php
2012.09.09 10:15 B C:\MoralCompassDemo\MoralCompassWP\wp-content\plugins\exec-php\includes\user_ui.php --> juniper.arvixe.com /osber.net/wwwroot/MoralCompassWP/wp-content/plugins/exec-php/includes user_ui.php
2012.09.09 10:15 B C:\MoralCompassDemo\MoralCompassWP\wp-content\plugins\exec-php\includes\usermeta.php --> juniper.arvixe.com /osber.net/wwwroot/MoralCompassWP/wp-content/plugins/exec-php/includes usermeta.php
2012.09.09 10:15 B C:\MoralCompassDemo\MoralCompassWP\wp-content\plugins\exec-php\includes\write_ui.php --> juniper.arvixe.com /osber.net/wwwroot/MoralCompassWP/wp-content/plugins/exec-php/includes write_ui.php
2012.10.26 07:48 B c:\moralcompassdemo\mymoralcompass\moralcompasswp\wp-content\plugins\exec-php\includes\admin.php --> marten.arvixe.com /www/wp-content/plugins/exec-php/includes admin.php
2012.10.26 07:48 B c:\moralcompassdemo\mymoralcompass\moralcompasswp\wp-content\plugins\exec-php\includes\ajax.php --> marten.arvixe.com /www/wp-content/plugins/exec-php/includes ajax.php
2012.10.26 07:48 B c:\moralcompassdemo\mymoralcompass\moralcompasswp\wp-content\plugins\exec-php\includes\cache.php --> marten.arvixe.com /www/wp-content/plugins/exec-php/includes cache.php
2012.10.26 07:48 B c:\moralcompassdemo\mymoralcompass\moralcompasswp\wp-content\plugins\exec-php\includes\config_ui.php --> marten.arvixe.com /www/wp-content/plugins/exec-php/includes config_ui.php
2012.10.26 07:48 B c:\moralcompassdemo\mymoralcompass\moralcompasswp\wp-content\plugins\exec-php\includes\const.php --> marten.arvixe.com /www/wp-content/plugins/exec-php/includes const.php
2012.10.26 07:48 B c:\moralcompassdemo\mymoralcompass\moralcompasswp\wp-content\plugins\exec-php\includes\l10n.php --> marten.arvixe.com /www/wp-content/plugins/exec-php/includes l10n.php
2012.10.26 07:48 B c:\moralcompassdemo\mymoralcompass\moralcompasswp\wp-content\plugins\exec-php\includes\manager.php --> marten.arvixe.com /www/wp-content/plugins/exec-php/includes manager.php
2012.10.26 07:48 B c:\moralcompassdemo\mymoralcompass\moralcompasswp\wp-content\plugins\exec-php\includes\option.php --> marten.arvixe.com /www/wp-content/plugins/exec-php/includes option.php
2012.10.26 07:48 B c:\moralcompassdemo\mymoralcompass\moralcompasswp\wp-content\plugins\exec-php\includes\runtime.php --> marten.arvixe.com /www/wp-content/plugins/exec-php/includes runtime.php
2012.10.26 07:48 B c:\moralcompassdemo\mymoralcompass\moralcompasswp\wp-content\plugins\exec-php\includes\script.php --> marten.arvixe.com /www/wp-content/plugins/exec-php/includes script.php
2012.10.26 07:48 B c:\moralcompassdemo\mymoralcompass\moralcompasswp\wp-content\plugins\exec-php\includes\style.php --> marten.arvixe.com /www/wp-content/plugins/exec-php/includes style.php
2012.10.26 07:48 B c:\moralcompassdemo\mymoralcompass\moralcompasswp\wp-content\plugins\exec-php\includes\user_ui.php --> marten.arvixe.com /www/wp-content/plugins/exec-php/includes user_ui.php
2012.10.26 07:48 B c:\moralcompassdemo\mymoralcompass\moralcompasswp\wp-content\plugins\exec-php\includes\usermeta.php --> marten.arvixe.com /www/wp-content/plugins/exec-php/includes usermeta.php
2012.10.26 07:48 B c:\moralcompassdemo\mymoralcompass\moralcompasswp\wp-content\plugins\exec-php\includes\write_ui.php --> marten.arvixe.com /www/wp-content/plugins/exec-php/includes write_ui.php
2012.10.26 07:48 B c:\moralcompassdemo\mymoralcompass\moralcompasswp\wp-content\plugins\exec-php\includes\WS_FTP.LOG --> marten.arvixe.com /www/wp-content/plugins/exec-php/includes WS_FTP.LOG
