2012.10.03 14:40 B c:\moralcompassdemo\MyMoralCompass\MoralCompassWP\AuthoringSystem\lang\PME.lang.CA-LATIN1.inc --> marten.arvixe.com /www/AuthoringSystem/lang PME.lang.CA-LATIN1.inc
2012.10.03 14:40 B c:\moralcompassdemo\MyMoralCompass\MoralCompassWP\AuthoringSystem\lang\PME.lang.CA-UTF8.inc --> marten.arvixe.com /www/AuthoringSystem/lang PME.lang.CA-UTF8.inc
2012.10.03 14:40 B c:\moralcompassdemo\MyMoralCompass\MoralCompassWP\AuthoringSystem\lang\PME.lang.CA.inc --> marten.arvixe.com /www/AuthoringSystem/lang PME.lang.CA.inc
2012.10.03 14:40 B c:\moralcompassdemo\MyMoralCompass\MoralCompassWP\AuthoringSystem\lang\PME.lang.CZ-LATIN2.inc --> marten.arvixe.com /www/AuthoringSystem/lang PME.lang.CZ-LATIN2.inc
2012.10.03 14:40 B c:\moralcompassdemo\MyMoralCompass\MoralCompassWP\AuthoringSystem\lang\PME.lang.CZ-UTF8.inc --> marten.arvixe.com /www/AuthoringSystem/lang PME.lang.CZ-UTF8.inc
2012.10.03 14:40 B c:\moralcompassdemo\MyMoralCompass\MoralCompassWP\AuthoringSystem\lang\PME.lang.CZ.inc --> marten.arvixe.com /www/AuthoringSystem/lang PME.lang.CZ.inc
2012.10.03 14:40 B c:\moralcompassdemo\MyMoralCompass\MoralCompassWP\AuthoringSystem\lang\PME.lang.DE-LATIN1.inc --> marten.arvixe.com /www/AuthoringSystem/lang PME.lang.DE-LATIN1.inc
2012.10.03 14:40 B c:\moralcompassdemo\MyMoralCompass\MoralCompassWP\AuthoringSystem\lang\PME.lang.DE-UTF8.inc --> marten.arvixe.com /www/AuthoringSystem/lang PME.lang.DE-UTF8.inc
2012.10.03 14:40 B c:\moralcompassdemo\MyMoralCompass\MoralCompassWP\AuthoringSystem\lang\PME.lang.DE.inc --> marten.arvixe.com /www/AuthoringSystem/lang PME.lang.DE.inc
2012.10.03 14:40 B c:\moralcompassdemo\MyMoralCompass\MoralCompassWP\AuthoringSystem\lang\PME.lang.DK-LATIN1.inc --> marten.arvixe.com /www/AuthoringSystem/lang PME.lang.DK-LATIN1.inc
2012.10.03 14:40 B c:\moralcompassdemo\MyMoralCompass\MoralCompassWP\AuthoringSystem\lang\PME.lang.DK-UTF8.inc --> marten.arvixe.com /www/AuthoringSystem/lang PME.lang.DK-UTF8.inc
2012.10.03 14:40 B c:\moralcompassdemo\MyMoralCompass\MoralCompassWP\AuthoringSystem\lang\PME.lang.DK.inc --> marten.arvixe.com /www/AuthoringSystem/lang PME.lang.DK.inc
2012.10.03 14:40 B c:\moralcompassdemo\MyMoralCompass\MoralCompassWP\AuthoringSystem\lang\PME.lang.EL-LATIN7.inc --> marten.arvixe.com /www/AuthoringSystem/lang PME.lang.EL-LATIN7.inc
2012.10.03 14:40 B c:\moralcompassdemo\MyMoralCompass\MoralCompassWP\AuthoringSystem\lang\PME.lang.EL-UTF8.inc --> marten.arvixe.com /www/AuthoringSystem/lang PME.lang.EL-UTF8.inc
2012.10.03 14:40 B c:\moralcompassdemo\MyMoralCompass\MoralCompassWP\AuthoringSystem\lang\PME.lang.EL.inc --> marten.arvixe.com /www/AuthoringSystem/lang PME.lang.EL.inc
2012.10.03 14:40 B c:\moralcompassdemo\MyMoralCompass\MoralCompassWP\AuthoringSystem\lang\PME.lang.EN-US.inc --> marten.arvixe.com /www/AuthoringSystem/lang PME.lang.EN-US.inc
2012.10.03 14:40 B c:\moralcompassdemo\MyMoralCompass\MoralCompassWP\AuthoringSystem\lang\PME.lang.EN.inc --> marten.arvixe.com /www/AuthoringSystem/lang PME.lang.EN.inc
2012.10.03 14:40 B c:\moralcompassdemo\MyMoralCompass\MoralCompassWP\AuthoringSystem\lang\PME.lang.ES-AR-LATIN1.inc --> marten.arvixe.com /www/AuthoringSystem/lang PME.lang.ES-AR-LATIN1.inc
2012.10.03 14:40 B c:\moralcompassdemo\MyMoralCompass\MoralCompassWP\AuthoringSystem\lang\PME.lang.ES-AR-UTF8.inc --> marten.arvixe.com /www/AuthoringSystem/lang PME.lang.ES-AR-UTF8.inc
2012.10.03 14:40 B c:\moralcompassdemo\MyMoralCompass\MoralCompassWP\AuthoringSystem\lang\PME.lang.ES-AR.inc --> marten.arvixe.com /www/AuthoringSystem/lang PME.lang.ES-AR.inc
2012.10.03 14:40 B c:\moralcompassdemo\MyMoralCompass\MoralCompassWP\AuthoringSystem\lang\PME.lang.ES-LATIN1.inc --> marten.arvixe.com /www/AuthoringSystem/lang PME.lang.ES-LATIN1.inc
2012.10.03 14:40 B c:\moralcompassdemo\MyMoralCompass\MoralCompassWP\AuthoringSystem\lang\PME.lang.ES-MX-LATIN1.inc --> marten.arvixe.com /www/AuthoringSystem/lang PME.lang.ES-MX-LATIN1.inc
2012.10.03 14:40 B c:\moralcompassdemo\MyMoralCompass\MoralCompassWP\AuthoringSystem\lang\PME.lang.ES-MX-UTF8.inc --> marten.arvixe.com /www/AuthoringSystem/lang PME.lang.ES-MX-UTF8.inc
2012.10.03 14:40 B c:\moralcompassdemo\MyMoralCompass\MoralCompassWP\AuthoringSystem\lang\PME.lang.ES-MX.inc --> marten.arvixe.com /www/AuthoringSystem/lang PME.lang.ES-MX.inc
2012.10.03 14:40 B c:\moralcompassdemo\MyMoralCompass\MoralCompassWP\AuthoringSystem\lang\PME.lang.ES-UTF8.inc --> marten.arvixe.com /www/AuthoringSystem/lang PME.lang.ES-UTF8.inc
2012.10.03 14:40 B c:\moralcompassdemo\MyMoralCompass\MoralCompassWP\AuthoringSystem\lang\PME.lang.ES.inc --> marten.arvixe.com /www/AuthoringSystem/lang PME.lang.ES.inc
2012.10.03 14:40 B c:\moralcompassdemo\MyMoralCompass\MoralCompassWP\AuthoringSystem\lang\PME.lang.ET-LATIN1.inc --> marten.arvixe.com /www/AuthoringSystem/lang PME.lang.ET-LATIN1.inc
2012.10.03 14:40 B c:\moralcompassdemo\MyMoralCompass\MoralCompassWP\AuthoringSystem\lang\PME.lang.ET-UTF8.inc --> marten.arvixe.com /www/AuthoringSystem/lang PME.lang.ET-UTF8.inc
2012.10.03 14:40 B c:\moralcompassdemo\MyMoralCompass\MoralCompassWP\AuthoringSystem\lang\PME.lang.ET.inc --> marten.arvixe.com /www/AuthoringSystem/lang PME.lang.ET.inc
2012.10.03 14:40 B c:\moralcompassdemo\MyMoralCompass\MoralCompassWP\AuthoringSystem\lang\PME.lang.EU.inc --> marten.arvixe.com /www/AuthoringSystem/lang PME.lang.EU.inc
2012.10.03 14:40 B c:\moralcompassdemo\MyMoralCompass\MoralCompassWP\AuthoringSystem\lang\PME.lang.FR-LATIN1.inc --> marten.arvixe.com /www/AuthoringSystem/lang PME.lang.FR-LATIN1.inc
2012.10.03 14:40 B c:\moralcompassdemo\MyMoralCompass\MoralCompassWP\AuthoringSystem\lang\PME.lang.FR-UTF8.inc --> marten.arvixe.com /www/AuthoringSystem/lang PME.lang.FR-UTF8.inc
2012.10.03 14:40 B c:\moralcompassdemo\MyMoralCompass\MoralCompassWP\AuthoringSystem\lang\PME.lang.FR.inc --> marten.arvixe.com /www/AuthoringSystem/lang PME.lang.FR.inc
2012.10.03 14:40 B c:\moralcompassdemo\MyMoralCompass\MoralCompassWP\AuthoringSystem\lang\PME.lang.ID.inc --> marten.arvixe.com /www/AuthoringSystem/lang PME.lang.ID.inc
2012.10.03 14:40 B c:\moralcompassdemo\MyMoralCompass\MoralCompassWP\AuthoringSystem\lang\PME.lang.IT.inc --> marten.arvixe.com /www/AuthoringSystem/lang PME.lang.IT.inc
2012.10.03 14:40 B c:\moralcompassdemo\MyMoralCompass\MoralCompassWP\AuthoringSystem\lang\PME.lang.JP-EUCJP.inc --> marten.arvixe.com /www/AuthoringSystem/lang PME.lang.JP-EUCJP.inc
2012.10.03 14:40 B c:\moralcompassdemo\MyMoralCompass\MoralCompassWP\AuthoringSystem\lang\PME.lang.JP-UTF8.inc --> marten.arvixe.com /www/AuthoringSystem/lang PME.lang.JP-UTF8.inc
2012.10.03 14:40 B c:\moralcompassdemo\MyMoralCompass\MoralCompassWP\AuthoringSystem\lang\PME.lang.JP.inc --> marten.arvixe.com /www/AuthoringSystem/lang PME.lang.JP.inc
2012.10.03 14:40 B c:\moralcompassdemo\MyMoralCompass\MoralCompassWP\AuthoringSystem\lang\PME.lang.NL-LATIN1.inc --> marten.arvixe.com /www/AuthoringSystem/lang PME.lang.NL-LATIN1.inc
2012.10.03 14:40 B c:\moralcompassdemo\MyMoralCompass\MoralCompassWP\AuthoringSystem\lang\PME.lang.NL-UTF8.inc --> marten.arvixe.com /www/AuthoringSystem/lang PME.lang.NL-UTF8.inc
2012.10.03 14:40 B c:\moralcompassdemo\MyMoralCompass\MoralCompassWP\AuthoringSystem\lang\PME.lang.NL.inc --> marten.arvixe.com /www/AuthoringSystem/lang PME.lang.NL.inc
2012.10.03 14:40 B c:\moralcompassdemo\MyMoralCompass\MoralCompassWP\AuthoringSystem\lang\PME.lang.PL-LATIN2.inc --> marten.arvixe.com /www/AuthoringSystem/lang PME.lang.PL-LATIN2.inc
2012.10.03 14:40 B c:\moralcompassdemo\MyMoralCompass\MoralCompassWP\AuthoringSystem\lang\PME.lang.PL-UTF8.inc --> marten.arvixe.com /www/AuthoringSystem/lang PME.lang.PL-UTF8.inc
2012.10.03 14:40 B c:\moralcompassdemo\MyMoralCompass\MoralCompassWP\AuthoringSystem\lang\PME.lang.PL.inc --> marten.arvixe.com /www/AuthoringSystem/lang PME.lang.PL.inc
2012.10.03 14:40 B c:\moralcompassdemo\MyMoralCompass\MoralCompassWP\AuthoringSystem\lang\PME.lang.PT-BR-LATIN1.inc --> marten.arvixe.com /www/AuthoringSystem/lang PME.lang.PT-BR-LATIN1.inc
2012.10.03 14:40 B c:\moralcompassdemo\MyMoralCompass\MoralCompassWP\AuthoringSystem\lang\PME.lang.PT-BR-UTF8.inc --> marten.arvixe.com /www/AuthoringSystem/lang PME.lang.PT-BR-UTF8.inc
2012.10.03 14:40 B c:\moralcompassdemo\MyMoralCompass\MoralCompassWP\AuthoringSystem\lang\PME.lang.PT-BR.inc --> marten.arvixe.com /www/AuthoringSystem/lang PME.lang.PT-BR.inc
2012.10.03 14:40 B c:\moralcompassdemo\MyMoralCompass\MoralCompassWP\AuthoringSystem\lang\PME.lang.PT-LATIN1.inc --> marten.arvixe.com /www/AuthoringSystem/lang PME.lang.PT-LATIN1.inc
2012.10.03 14:40 B c:\moralcompassdemo\MyMoralCompass\MoralCompassWP\AuthoringSystem\lang\PME.lang.PT-UTF8.inc --> marten.arvixe.com /www/AuthoringSystem/lang PME.lang.PT-UTF8.inc
2012.10.03 14:40 B c:\moralcompassdemo\MyMoralCompass\MoralCompassWP\AuthoringSystem\lang\PME.lang.PT.inc --> marten.arvixe.com /www/AuthoringSystem/lang PME.lang.PT.inc
2012.10.03 14:40 B c:\moralcompassdemo\MyMoralCompass\MoralCompassWP\AuthoringSystem\lang\PME.lang.RO.inc --> marten.arvixe.com /www/AuthoringSystem/lang PME.lang.RO.inc
2012.10.03 14:40 B c:\moralcompassdemo\MyMoralCompass\MoralCompassWP\AuthoringSystem\lang\PME.lang.RU-UTF8.inc --> marten.arvixe.com /www/AuthoringSystem/lang PME.lang.RU-UTF8.inc
2012.10.03 14:40 B c:\moralcompassdemo\MyMoralCompass\MoralCompassWP\AuthoringSystem\lang\PME.lang.RU-WINDOWS1251.inc --> marten.arvixe.com /www/AuthoringSystem/lang PME.lang.RU-WINDOWS1251.inc
2012.10.03 14:40 B c:\moralcompassdemo\MyMoralCompass\MoralCompassWP\AuthoringSystem\lang\PME.lang.RU.inc --> marten.arvixe.com /www/AuthoringSystem/lang PME.lang.RU.inc
2012.10.03 14:40 B c:\moralcompassdemo\MyMoralCompass\MoralCompassWP\AuthoringSystem\lang\PME.lang.SE-LATIN1.inc --> marten.arvixe.com /www/AuthoringSystem/lang PME.lang.SE-LATIN1.inc
2012.10.03 14:40 B c:\moralcompassdemo\MyMoralCompass\MoralCompassWP\AuthoringSystem\lang\PME.lang.SE-UTF8.inc --> marten.arvixe.com /www/AuthoringSystem/lang PME.lang.SE-UTF8.inc
2012.10.03 14:40 B c:\moralcompassdemo\MyMoralCompass\MoralCompassWP\AuthoringSystem\lang\PME.lang.SE.inc --> marten.arvixe.com /www/AuthoringSystem/lang PME.lang.SE.inc
2012.10.03 14:40 B c:\moralcompassdemo\MyMoralCompass\MoralCompassWP\AuthoringSystem\lang\PME.lang.SK-LATIN2.inc --> marten.arvixe.com /www/AuthoringSystem/lang PME.lang.SK-LATIN2.inc
2012.10.03 14:40 B c:\moralcompassdemo\MyMoralCompass\MoralCompassWP\AuthoringSystem\lang\PME.lang.SK-UTF8.inc --> marten.arvixe.com /www/AuthoringSystem/lang PME.lang.SK-UTF8.inc
2012.10.03 14:40 B c:\moralcompassdemo\MyMoralCompass\MoralCompassWP\AuthoringSystem\lang\PME.lang.SK.inc --> marten.arvixe.com /www/AuthoringSystem/lang PME.lang.SK.inc
2012.10.03 14:40 B c:\moralcompassdemo\MyMoralCompass\MoralCompassWP\AuthoringSystem\lang\PME.lang.TR-LATIN9.inc --> marten.arvixe.com /www/AuthoringSystem/lang PME.lang.TR-LATIN9.inc
2012.10.03 14:40 B c:\moralcompassdemo\MyMoralCompass\MoralCompassWP\AuthoringSystem\lang\PME.lang.TR-UTF8.inc --> marten.arvixe.com /www/AuthoringSystem/lang PME.lang.TR-UTF8.inc
2012.10.03 14:40 B c:\moralcompassdemo\MyMoralCompass\MoralCompassWP\AuthoringSystem\lang\PME.lang.TR.inc --> marten.arvixe.com /www/AuthoringSystem/lang PME.lang.TR.inc
2012.10.03 14:40 B c:\moralcompassdemo\MyMoralCompass\MoralCompassWP\AuthoringSystem\lang\PME.lang.ZH-BIG5.inc --> marten.arvixe.com /www/AuthoringSystem/lang PME.lang.ZH-BIG5.inc
2012.10.03 14:40 B c:\moralcompassdemo\MyMoralCompass\MoralCompassWP\AuthoringSystem\lang\PME.lang.ZH-SG.inc --> marten.arvixe.com /www/AuthoringSystem/lang PME.lang.ZH-SG.inc
2012.10.03 14:40 B c:\moralcompassdemo\MyMoralCompass\MoralCompassWP\AuthoringSystem\lang\PME.lang.ZH-UTF8.inc --> marten.arvixe.com /www/AuthoringSystem/lang PME.lang.ZH-UTF8.inc
2012.10.03 14:40 B c:\moralcompassdemo\MyMoralCompass\MoralCompassWP\AuthoringSystem\lang\PME.lang.ZH.inc --> marten.arvixe.com /www/AuthoringSystem/lang PME.lang.ZH.inc
