2012.10.25 07:12 B c:\moralcompassdemo\mymoralcompass\moralcompasswp\wp-content\plugins\polldaddy\locale\polldaddy.pot --> marten.arvixe.com /www/wp-content/plugins/polldaddy/locale polldaddy.pot
2012.10.25 07:12 B c:\moralcompassdemo\mymoralcompass\moralcompasswp\wp-content\plugins\polldaddy\locale\polldaddy-zh-tw.po --> marten.arvixe.com /www/wp-content/plugins/polldaddy/locale polldaddy-zh-tw.po
2012.10.25 07:12 B c:\moralcompassdemo\mymoralcompass\moralcompasswp\wp-content\plugins\polldaddy\locale\polldaddy-zh-tw.mo --> marten.arvixe.com /www/wp-content/plugins/polldaddy/locale polldaddy-zh-tw.mo
2012.10.25 07:12 B c:\moralcompassdemo\mymoralcompass\moralcompasswp\wp-content\plugins\polldaddy\locale\polldaddy-tr.po --> marten.arvixe.com /www/wp-content/plugins/polldaddy/locale polldaddy-tr.po
2012.10.25 07:12 B c:\moralcompassdemo\mymoralcompass\moralcompasswp\wp-content\plugins\polldaddy\locale\polldaddy-tr.mo --> marten.arvixe.com /www/wp-content/plugins/polldaddy/locale polldaddy-tr.mo
2012.10.25 07:12 B c:\moralcompassdemo\mymoralcompass\moralcompasswp\wp-content\plugins\polldaddy\locale\polldaddy-te.po --> marten.arvixe.com /www/wp-content/plugins/polldaddy/locale polldaddy-te.po
2012.10.25 07:12 B c:\moralcompassdemo\mymoralcompass\moralcompasswp\wp-content\plugins\polldaddy\locale\polldaddy-te.mo --> marten.arvixe.com /www/wp-content/plugins/polldaddy/locale polldaddy-te.mo
2012.10.25 07:12 B c:\moralcompassdemo\mymoralcompass\moralcompasswp\wp-content\plugins\polldaddy\locale\polldaddy-sv.po --> marten.arvixe.com /www/wp-content/plugins/polldaddy/locale polldaddy-sv.po
2012.10.25 07:12 B c:\moralcompassdemo\mymoralcompass\moralcompasswp\wp-content\plugins\polldaddy\locale\polldaddy-sv.mo --> marten.arvixe.com /www/wp-content/plugins/polldaddy/locale polldaddy-sv.mo
2012.10.25 07:12 B c:\moralcompassdemo\mymoralcompass\moralcompasswp\wp-content\plugins\polldaddy\locale\polldaddy-sr.po --> marten.arvixe.com /www/wp-content/plugins/polldaddy/locale polldaddy-sr.po
2012.10.25 07:12 B c:\moralcompassdemo\mymoralcompass\moralcompasswp\wp-content\plugins\polldaddy\locale\polldaddy-sr.mo --> marten.arvixe.com /www/wp-content/plugins/polldaddy/locale polldaddy-sr.mo
2012.10.25 07:12 B c:\moralcompassdemo\mymoralcompass\moralcompasswp\wp-content\plugins\polldaddy\locale\polldaddy-sk.po --> marten.arvixe.com /www/wp-content/plugins/polldaddy/locale polldaddy-sk.po
2012.10.25 07:12 B c:\moralcompassdemo\mymoralcompass\moralcompasswp\wp-content\plugins\polldaddy\locale\polldaddy-sk.mo --> marten.arvixe.com /www/wp-content/plugins/polldaddy/locale polldaddy-sk.mo
2012.10.25 07:12 B c:\moralcompassdemo\mymoralcompass\moralcompasswp\wp-content\plugins\polldaddy\locale\polldaddy-ro.po --> marten.arvixe.com /www/wp-content/plugins/polldaddy/locale polldaddy-ro.po
2012.10.25 07:12 B c:\moralcompassdemo\mymoralcompass\moralcompasswp\wp-content\plugins\polldaddy\locale\polldaddy-ro.mo --> marten.arvixe.com /www/wp-content/plugins/polldaddy/locale polldaddy-ro.mo
2012.10.25 07:12 B c:\moralcompassdemo\mymoralcompass\moralcompasswp\wp-content\plugins\polldaddy\locale\polldaddy-pt.po --> marten.arvixe.com /www/wp-content/plugins/polldaddy/locale polldaddy-pt.po
2012.10.25 07:12 B c:\moralcompassdemo\mymoralcompass\moralcompasswp\wp-content\plugins\polldaddy\locale\polldaddy-pt.mo --> marten.arvixe.com /www/wp-content/plugins/polldaddy/locale polldaddy-pt.mo
2012.10.25 07:12 B c:\moralcompassdemo\mymoralcompass\moralcompasswp\wp-content\plugins\polldaddy\locale\polldaddy-pt-br.po --> marten.arvixe.com /www/wp-content/plugins/polldaddy/locale polldaddy-pt-br.po
2012.10.25 07:12 B c:\moralcompassdemo\mymoralcompass\moralcompasswp\wp-content\plugins\polldaddy\locale\polldaddy-pt-br.mo --> marten.arvixe.com /www/wp-content/plugins/polldaddy/locale polldaddy-pt-br.mo
2012.10.25 07:12 B c:\moralcompassdemo\mymoralcompass\moralcompasswp\wp-content\plugins\polldaddy\locale\polldaddy-pl.po --> marten.arvixe.com /www/wp-content/plugins/polldaddy/locale polldaddy-pl.po
2012.10.25 07:12 B c:\moralcompassdemo\mymoralcompass\moralcompasswp\wp-content\plugins\polldaddy\locale\polldaddy-pl.mo --> marten.arvixe.com /www/wp-content/plugins/polldaddy/locale polldaddy-pl.mo
2012.10.25 07:13 B c:\moralcompassdemo\mymoralcompass\moralcompasswp\wp-content\plugins\polldaddy\locale\polldaddy-nn.po --> marten.arvixe.com /www/wp-content/plugins/polldaddy/locale polldaddy-nn.po
2012.10.25 07:13 B c:\moralcompassdemo\mymoralcompass\moralcompasswp\wp-content\plugins\polldaddy\locale\polldaddy-nn.mo --> marten.arvixe.com /www/wp-content/plugins/polldaddy/locale polldaddy-nn.mo
2012.10.25 07:13 B c:\moralcompassdemo\mymoralcompass\moralcompasswp\wp-content\plugins\polldaddy\locale\polldaddy-nl.po --> marten.arvixe.com /www/wp-content/plugins/polldaddy/locale polldaddy-nl.po
2012.10.25 07:13 B c:\moralcompassdemo\mymoralcompass\moralcompasswp\wp-content\plugins\polldaddy\locale\polldaddy-nl.mo --> marten.arvixe.com /www/wp-content/plugins/polldaddy/locale polldaddy-nl.mo
2012.10.25 07:13 B c:\moralcompassdemo\mymoralcompass\moralcompasswp\wp-content\plugins\polldaddy\locale\polldaddy-ms.po --> marten.arvixe.com /www/wp-content/plugins/polldaddy/locale polldaddy-ms.po
2012.10.25 07:13 B c:\moralcompassdemo\mymoralcompass\moralcompasswp\wp-content\plugins\polldaddy\locale\polldaddy-ms.mo --> marten.arvixe.com /www/wp-content/plugins/polldaddy/locale polldaddy-ms.mo
2012.10.25 07:13 B c:\moralcompassdemo\mymoralcompass\moralcompasswp\wp-content\plugins\polldaddy\locale\polldaddy-lt.po --> marten.arvixe.com /www/wp-content/plugins/polldaddy/locale polldaddy-lt.po
2012.10.25 07:13 B c:\moralcompassdemo\mymoralcompass\moralcompasswp\wp-content\plugins\polldaddy\locale\polldaddy-lt.mo --> marten.arvixe.com /www/wp-content/plugins/polldaddy/locale polldaddy-lt.mo
2012.10.25 07:13 B c:\moralcompassdemo\mymoralcompass\moralcompasswp\wp-content\plugins\polldaddy\locale\polldaddy-ko.po --> marten.arvixe.com /www/wp-content/plugins/polldaddy/locale polldaddy-ko.po
2012.10.25 07:13 B c:\moralcompassdemo\mymoralcompass\moralcompasswp\wp-content\plugins\polldaddy\locale\polldaddy-ko.mo --> marten.arvixe.com /www/wp-content/plugins/polldaddy/locale polldaddy-ko.mo
2012.10.25 07:13 B c:\moralcompassdemo\mymoralcompass\moralcompasswp\wp-content\plugins\polldaddy\locale\polldaddy-km.po --> marten.arvixe.com /www/wp-content/plugins/polldaddy/locale polldaddy-km.po
2012.10.25 07:13 B c:\moralcompassdemo\mymoralcompass\moralcompasswp\wp-content\plugins\polldaddy\locale\polldaddy-km.mo --> marten.arvixe.com /www/wp-content/plugins/polldaddy/locale polldaddy-km.mo
2012.10.25 07:13 B c:\moralcompassdemo\mymoralcompass\moralcompasswp\wp-content\plugins\polldaddy\locale\polldaddy-ja.po --> marten.arvixe.com /www/wp-content/plugins/polldaddy/locale polldaddy-ja.po
2012.10.25 07:13 B c:\moralcompassdemo\mymoralcompass\moralcompasswp\wp-content\plugins\polldaddy\locale\polldaddy-ja.mo --> marten.arvixe.com /www/wp-content/plugins/polldaddy/locale polldaddy-ja.mo
2012.10.25 07:13 B c:\moralcompassdemo\mymoralcompass\moralcompasswp\wp-content\plugins\polldaddy\locale\polldaddy-it.po --> marten.arvixe.com /www/wp-content/plugins/polldaddy/locale polldaddy-it.po
2012.10.25 07:13 B c:\moralcompassdemo\mymoralcompass\moralcompasswp\wp-content\plugins\polldaddy\locale\polldaddy-it.mo --> marten.arvixe.com /www/wp-content/plugins/polldaddy/locale polldaddy-it.mo
2012.10.25 07:13 B c:\moralcompassdemo\mymoralcompass\moralcompasswp\wp-content\plugins\polldaddy\locale\polldaddy-id.po --> marten.arvixe.com /www/wp-content/plugins/polldaddy/locale polldaddy-id.po
2012.10.25 07:13 B c:\moralcompassdemo\mymoralcompass\moralcompasswp\wp-content\plugins\polldaddy\locale\polldaddy-id.mo --> marten.arvixe.com /www/wp-content/plugins/polldaddy/locale polldaddy-id.mo
2012.10.25 07:13 B c:\moralcompassdemo\mymoralcompass\moralcompasswp\wp-content\plugins\polldaddy\locale\polldaddy-hu.po --> marten.arvixe.com /www/wp-content/plugins/polldaddy/locale polldaddy-hu.po
2012.10.25 07:13 B c:\moralcompassdemo\mymoralcompass\moralcompasswp\wp-content\plugins\polldaddy\locale\polldaddy-hu.mo --> marten.arvixe.com /www/wp-content/plugins/polldaddy/locale polldaddy-hu.mo
2012.10.25 07:13 B c:\moralcompassdemo\mymoralcompass\moralcompasswp\wp-content\plugins\polldaddy\locale\polldaddy-hr.po --> marten.arvixe.com /www/wp-content/plugins/polldaddy/locale polldaddy-hr.po
2012.10.25 07:13 B c:\moralcompassdemo\mymoralcompass\moralcompasswp\wp-content\plugins\polldaddy\locale\polldaddy-hr.mo --> marten.arvixe.com /www/wp-content/plugins/polldaddy/locale polldaddy-hr.mo
2012.10.25 07:13 B c:\moralcompassdemo\mymoralcompass\moralcompasswp\wp-content\plugins\polldaddy\locale\polldaddy-he.po --> marten.arvixe.com /www/wp-content/plugins/polldaddy/locale polldaddy-he.po
2012.10.25 07:13 B c:\moralcompassdemo\mymoralcompass\moralcompasswp\wp-content\plugins\polldaddy\locale\polldaddy-he.mo --> marten.arvixe.com /www/wp-content/plugins/polldaddy/locale polldaddy-he.mo
2012.10.25 07:13 B c:\moralcompassdemo\mymoralcompass\moralcompasswp\wp-content\plugins\polldaddy\locale\polldaddy-gl.po --> marten.arvixe.com /www/wp-content/plugins/polldaddy/locale polldaddy-gl.po
2012.10.25 07:13 B c:\moralcompassdemo\mymoralcompass\moralcompasswp\wp-content\plugins\polldaddy\locale\polldaddy-gl.mo --> marten.arvixe.com /www/wp-content/plugins/polldaddy/locale polldaddy-gl.mo
2012.10.25 07:13 B c:\moralcompassdemo\mymoralcompass\moralcompasswp\wp-content\plugins\polldaddy\locale\polldaddy-ga.po --> marten.arvixe.com /www/wp-content/plugins/polldaddy/locale polldaddy-ga.po
2012.10.25 07:13 B c:\moralcompassdemo\mymoralcompass\moralcompasswp\wp-content\plugins\polldaddy\locale\polldaddy-ga.mo --> marten.arvixe.com /www/wp-content/plugins/polldaddy/locale polldaddy-ga.mo
2012.10.25 07:13 B c:\moralcompassdemo\mymoralcompass\moralcompasswp\wp-content\plugins\polldaddy\locale\polldaddy-fr.po --> marten.arvixe.com /www/wp-content/plugins/polldaddy/locale polldaddy-fr.po
2012.10.25 07:13 B c:\moralcompassdemo\mymoralcompass\moralcompasswp\wp-content\plugins\polldaddy\locale\polldaddy-fr.mo --> marten.arvixe.com /www/wp-content/plugins/polldaddy/locale polldaddy-fr.mo
2012.10.25 07:13 B c:\moralcompassdemo\mymoralcompass\moralcompasswp\wp-content\plugins\polldaddy\locale\polldaddy-fr-ch.po --> marten.arvixe.com /www/wp-content/plugins/polldaddy/locale polldaddy-fr-ch.po
2012.10.25 07:13 B c:\moralcompassdemo\mymoralcompass\moralcompasswp\wp-content\plugins\polldaddy\locale\polldaddy-fr-ch.mo --> marten.arvixe.com /www/wp-content/plugins/polldaddy/locale polldaddy-fr-ch.mo
2012.10.25 07:13 B c:\moralcompassdemo\mymoralcompass\moralcompasswp\wp-content\plugins\polldaddy\locale\polldaddy-fr-ca.po --> marten.arvixe.com /www/wp-content/plugins/polldaddy/locale polldaddy-fr-ca.po
2012.10.25 07:13 B c:\moralcompassdemo\mymoralcompass\moralcompasswp\wp-content\plugins\polldaddy\locale\polldaddy-fr-ca.mo --> marten.arvixe.com /www/wp-content/plugins/polldaddy/locale polldaddy-fr-ca.mo
2012.10.25 07:13 B c:\moralcompassdemo\mymoralcompass\moralcompasswp\wp-content\plugins\polldaddy\locale\polldaddy-fi.po --> marten.arvixe.com /www/wp-content/plugins/polldaddy/locale polldaddy-fi.po
2012.10.25 07:13 B c:\moralcompassdemo\mymoralcompass\moralcompasswp\wp-content\plugins\polldaddy\locale\polldaddy-fi.mo --> marten.arvixe.com /www/wp-content/plugins/polldaddy/locale polldaddy-fi.mo
2012.10.25 07:13 B c:\moralcompassdemo\mymoralcompass\moralcompasswp\wp-content\plugins\polldaddy\locale\polldaddy-fa.po --> marten.arvixe.com /www/wp-content/plugins/polldaddy/locale polldaddy-fa.po
2012.10.25 07:13 B c:\moralcompassdemo\mymoralcompass\moralcompasswp\wp-content\plugins\polldaddy\locale\polldaddy-fa.mo --> marten.arvixe.com /www/wp-content/plugins/polldaddy/locale polldaddy-fa.mo
2012.10.25 07:13 B c:\moralcompassdemo\mymoralcompass\moralcompasswp\wp-content\plugins\polldaddy\locale\polldaddy-es.po --> marten.arvixe.com /www/wp-content/plugins/polldaddy/locale polldaddy-es.po
2012.10.25 07:13 B c:\moralcompassdemo\mymoralcompass\moralcompasswp\wp-content\plugins\polldaddy\locale\polldaddy-es.mo --> marten.arvixe.com /www/wp-content/plugins/polldaddy/locale polldaddy-es.mo
2012.10.25 07:13 B c:\moralcompassdemo\mymoralcompass\moralcompasswp\wp-content\plugins\polldaddy\locale\polldaddy-el-po.po --> marten.arvixe.com /www/wp-content/plugins/polldaddy/locale polldaddy-el-po.po
2012.10.25 07:13 B c:\moralcompassdemo\mymoralcompass\moralcompasswp\wp-content\plugins\polldaddy\locale\polldaddy-el-po.mo --> marten.arvixe.com /www/wp-content/plugins/polldaddy/locale polldaddy-el-po.mo
2012.10.25 07:13 B c:\moralcompassdemo\mymoralcompass\moralcompasswp\wp-content\plugins\polldaddy\locale\polldaddy-de.po --> marten.arvixe.com /www/wp-content/plugins/polldaddy/locale polldaddy-de.po
2012.10.25 07:13 B c:\moralcompassdemo\mymoralcompass\moralcompasswp\wp-content\plugins\polldaddy\locale\polldaddy-de.mo --> marten.arvixe.com /www/wp-content/plugins/polldaddy/locale polldaddy-de.mo
2012.10.25 07:13 B c:\moralcompassdemo\mymoralcompass\moralcompasswp\wp-content\plugins\polldaddy\locale\polldaddy-da.po --> marten.arvixe.com /www/wp-content/plugins/polldaddy/locale polldaddy-da.po
2012.10.25 07:13 B c:\moralcompassdemo\mymoralcompass\moralcompasswp\wp-content\plugins\polldaddy\locale\polldaddy-da.mo --> marten.arvixe.com /www/wp-content/plugins/polldaddy/locale polldaddy-da.mo
2012.10.25 07:13 B c:\moralcompassdemo\mymoralcompass\moralcompasswp\wp-content\plugins\polldaddy\locale\polldaddy-cs.po --> marten.arvixe.com /www/wp-content/plugins/polldaddy/locale polldaddy-cs.po
2012.10.25 07:13 B c:\moralcompassdemo\mymoralcompass\moralcompasswp\wp-content\plugins\polldaddy\locale\polldaddy-cs.mo --> marten.arvixe.com /www/wp-content/plugins/polldaddy/locale polldaddy-cs.mo
2012.10.25 07:13 B c:\moralcompassdemo\mymoralcompass\moralcompasswp\wp-content\plugins\polldaddy\locale\polldaddy-bs.po --> marten.arvixe.com /www/wp-content/plugins/polldaddy/locale polldaddy-bs.po
2012.10.25 07:13 B c:\moralcompassdemo\mymoralcompass\moralcompasswp\wp-content\plugins\polldaddy\locale\polldaddy-bs.mo --> marten.arvixe.com /www/wp-content/plugins/polldaddy/locale polldaddy-bs.mo
2012.10.25 07:13 B c:\moralcompassdemo\mymoralcompass\moralcompasswp\wp-content\plugins\polldaddy\locale\polldaddy-bg.po --> marten.arvixe.com /www/wp-content/plugins/polldaddy/locale polldaddy-bg.po
2012.10.25 07:13 B c:\moralcompassdemo\mymoralcompass\moralcompasswp\wp-content\plugins\polldaddy\locale\polldaddy-bg.mo --> marten.arvixe.com /www/wp-content/plugins/polldaddy/locale polldaddy-bg.mo
2012.10.25 07:13 B c:\moralcompassdemo\mymoralcompass\moralcompasswp\wp-content\plugins\polldaddy\locale\polldaddy-ar.po --> marten.arvixe.com /www/wp-content/plugins/polldaddy/locale polldaddy-ar.po
2012.10.25 07:13 B c:\moralcompassdemo\mymoralcompass\moralcompasswp\wp-content\plugins\polldaddy\locale\polldaddy-ar.mo --> marten.arvixe.com /www/wp-content/plugins/polldaddy/locale polldaddy-ar.mo
2012.10.25 07:15 B c:\moralcompassdemo\mymoralcompass\moralcompasswp\wp-content\plugins\polldaddy\locale\WS_FTP.LOG --> marten.arvixe.com /www/wp-content/plugins/polldaddy/locale WS_FTP.LOG
