2012.10.03 14:40 B c:\moralcompassdemo\MyMoralCompass\MoralCompassWP\AuthoringSystem\edittopicselection.php --> marten.arvixe.com /www/AuthoringSystem edittopicselection.php
2012.10.03 14:41 B c:\moralcompassdemo\MyMoralCompass\MoralCompassWP\AuthoringSystem\phpMyEdit.class.php --> marten.arvixe.com /www/AuthoringSystem phpMyEdit.class.php
2012.10.03 14:41 B c:\moralcompassdemo\MyMoralCompass\MoralCompassWP\AuthoringSystem\phpMyEditSetup.php --> marten.arvixe.com /www/AuthoringSystem phpMyEditSetup.php
2012.10.03 14:41 B c:\moralcompassdemo\MyMoralCompass\MoralCompassWP\AuthoringSystem\selection.php --> marten.arvixe.com /www/AuthoringSystem selection.php
2012.10.03 14:41 B c:\moralcompassdemo\MyMoralCompass\MoralCompassWP\AuthoringSystem\topic.php --> marten.arvixe.com /www/AuthoringSystem topic.php
2012.10.03 14:41 B c:\moralcompassdemo\MyMoralCompass\MoralCompassWP\AuthoringSystem\topicselections.php --> marten.arvixe.com /www/AuthoringSystem topicselections.php
2012.10.03 18:13 B c:\moralcompassdemo\MyMoralCompass\MoralCompassWP\AuthoringSystem\edittopicselection.php --> marten.arvixe.com /www/AuthoringSystem edittopicselection.php
2012.10.03 18:17 B c:\moralcompassdemo\MyMoralCompass\MoralCompassWP\AuthoringSystem\edittopicselection.php --> marten.arvixe.com /www/AuthoringSystem edittopicselection.php
2012.10.04 10:14 B c:\moralcompassdemo\MyMoralCompass\MoralCompassWP\AuthoringSystem\edittopicselection.php --> marten.arvixe.com /www/AuthoringSystem edittopicselection.php
2012.10.04 10:14 B c:\moralcompassdemo\MyMoralCompass\MoralCompassWP\AuthoringSystem\Image.php --> marten.arvixe.com /www/AuthoringSystem Image.php
2012.10.12 16:03 B c:\moralcompassdemo\mymoralcompass\moralcompasswp\AuthoringSystem\edittopicselection.php <-- moral compass live /www/AuthoringSystem edittopicselection.php
2012.10.13 16:03 B c:\moralcompassdemo\mymoralcompass\moralcompasswp\AuthoringSystem\edittopicselection.php --> marten.arvixe.com /www/AuthoringSystem edittopicselection.php
2012.10.13 16:04 B c:\moralcompassdemo\mymoralcompass\moralcompasswp\AuthoringSystem\edittopicselection.php --> marten.arvixe.com /www/AuthoringSystem edittopicselection.php
2012.10.13 16:05 B c:\moralcompassdemo\mymoralcompass\moralcompasswp\AuthoringSystem\edittopicselection.php --> marten.arvixe.com /www/AuthoringSystem edittopicselection.php
2012.10.14 20:45 B c:\moralcompassdemo\mymoralcompass\moralcompasswp\AuthoringSystem\edittopicselection.php --> marten.arvixe.com /www/AuthoringSystem edittopicselection.php
2012.10.14 20:46 B c:\moralcompassdemo\mymoralcompass\moralcompasswp\AuthoringSystem\edittopicselection.php --> marten.arvixe.com /www/AuthoringSystem edittopicselection.php
2012.10.14 20:52 B c:\moralcompassdemo\mymoralcompass\moralcompasswp\AuthoringSystem\edittopicselection.php --> marten.arvixe.com /www/AuthoringSystem edittopicselection.php
2012.10.14 21:22 B c:\moralcompassdemo\mymoralcompass\moralcompasswp\AuthoringSystem\edittopicselection.php --> marten.arvixe.com /www/AuthoringSystem edittopicselection.php
2012.10.14 21:22 B c:\moralcompassdemo\mymoralcompass\moralcompasswp\AuthoringSystem\topicselections.php --> marten.arvixe.com /www/AuthoringSystem topicselections.php
2012.10.14 21:22 B c:\moralcompassdemo\mymoralcompass\moralcompasswp\AuthoringSystem\authoringmenu.php --> marten.arvixe.com /www/AuthoringSystem authoringmenu.php
2012.10.14 21:22 B c:\moralcompassdemo\mymoralcompass\moralcompasswp\AuthoringSystem\topic.php --> marten.arvixe.com /www/AuthoringSystem topic.php
2012.10.14 21:22 B c:\moralcompassdemo\mymoralcompass\moralcompasswp\AuthoringSystem\auth.php --> marten.arvixe.com /www/AuthoringSystem auth.php
2012.10.14 21:22 B c:\moralcompassdemo\mymoralcompass\moralcompasswp\AuthoringSystem\upload.php --> marten.arvixe.com /www/AuthoringSystem upload.php
2012.10.14 21:22 B c:\moralcompassdemo\mymoralcompass\moralcompasswp\AuthoringSystem\Image.php --> marten.arvixe.com /www/AuthoringSystem Image.php
2012.10.14 21:39 B c:\moralcompassdemo\mymoralcompass\moralcompasswp\AuthoringSystem\topic.php --> marten.arvixe.com /www/AuthoringSystem topic.php
2012.10.14 21:59 B c:\moralcompassdemo\mymoralcompass\moralcompasswp\AuthoringSystem\authoringmenu.php --> marten.arvixe.com /www/AuthoringSystem authoringmenu.php
2012.10.14 22:01 B c:\moralcompassdemo\mymoralcompass\moralcompasswp\AuthoringSystem\auth.php --> marten.arvixe.com /www/AuthoringSystem auth.php
2012.10.14 22:06 B c:\moralcompassdemo\mymoralcompass\moralcompasswp\AuthoringSystem\edittopicselection.php --> marten.arvixe.com /www/AuthoringSystem edittopicselection.php
2012.10.14 22:06 B c:\moralcompassdemo\mymoralcompass\moralcompasswp\AuthoringSystem\topicselections.php --> marten.arvixe.com /www/AuthoringSystem topicselections.php
2012.10.21 20:55 B c:\moralcompassdemo\mymoralcompass\moralcompasswp\AuthoringSystem\edittopicselection.php --> marten.arvixe.com /www/AuthoringSystem edittopicselection.php
2012.10.25 07:11 B c:\moralcompassdemo\mymoralcompass\moralcompasswp\AuthoringSystem\topic.php --> marten.arvixe.com /www/AuthoringSystem topic.php
2012.10.25 09:22 B c:\moralcompassdemo\mymoralcompass\moralcompasswp\AuthoringSystem\topic.php --> marten.arvixe.com /www/AuthoringSystem topic.php
2012.10.31 09:11 B c:\moralcompassdemo\mymoralcompass\moralcompasswp\AuthoringSystem\edittopicselection.php --> marten.arvixe.com /public_html/AuthoringSystem edittopicselection.php
2012.10.31 09:11 B c:\moralcompassdemo\mymoralcompass\moralcompasswp\AuthoringSystem\topic.php --> marten.arvixe.com /public_html/AuthoringSystem topic.php
2012.11.05 19:48 B c:\moralcompassdemo\mymoralcompass\moralcompasswp\AuthoringSystem\edittopicselection.php --> marten.arvixe.com /www/AuthoringSystem edittopicselection.php
2012.11.05 19:51 B c:\moralcompassdemo\mymoralcompass\moralcompasswp\AuthoringSystem\edittopicselection.php --> marten.arvixe.com /www/AuthoringSystem edittopicselection.php
