2012.09.09 10:14 B C:\MoralCompassDemo\MoralCompassWP\wp-content\php\coreevents.php --> juniper.arvixe.com /osber.net/wwwroot/MoralCompassWP/wp-content/php coreevents.php
2012.09.09 10:14 B C:\MoralCompassDemo\MoralCompassWP\wp-content\php\coreeventshtml.php --> juniper.arvixe.com /osber.net/wwwroot/MoralCompassWP/wp-content/php coreeventshtml.php
2012.09.09 10:14 B C:\MoralCompassDemo\MoralCompassWP\wp-content\php\dbdefs.php --> juniper.arvixe.com /osber.net/wwwroot/MoralCompassWP/wp-content/php dbdefs.php
2012.09.09 10:14 B C:\MoralCompassDemo\MoralCompassWP\wp-content\php\topic.class.php --> juniper.arvixe.com /osber.net/wwwroot/MoralCompassWP/wp-content/php topic.class.php
2012.09.09 10:14 B C:\MoralCompassDemo\MoralCompassWP\wp-content\php\topicselection.class.php --> juniper.arvixe.com /osber.net/wwwroot/MoralCompassWP/wp-content/php topicselection.class.php
2012.09.09 10:14 B C:\MoralCompassDemo\MoralCompassWP\wp-content\php\topictimeperiod.class.php --> juniper.arvixe.com /osber.net/wwwroot/MoralCompassWP/wp-content/php topictimeperiod.class.php
2012.09.09 15:14 B C:\MoralCompassDemo\MoralCompassWP\wp-content\php\coreevents.php --> juniper.arvixe.com /osber.net/wwwroot/MoralCompassWP/wp-content/php coreevents.php
2012.09.09 16:03 B C:\MoralCompassDemo\MoralCompassWP\wp-content\php\coreevents.php --> juniper.arvixe.com /osber.net/wwwroot/MoralCompassWP/wp-content/php coreevents.php
2012.09.18 07:56 B C:\MoralCompassDemo\MoralCompassWP\wp-content\php\coreevents.php --> juniper.arvixe.com /osber.net/wwwroot/MoralCompassWP/wp-content/php coreevents.php
2012.10.01 17:47 B c:\moralcompassdemo\MoralCompassWP\wp-content\php\coreevents.php --> marten.arvixe.com /www/wp-content/php coreevents.php
2012.10.01 17:47 B c:\moralcompassdemo\MoralCompassWP\wp-content\php\coreeventshtml.php --> marten.arvixe.com /www/wp-content/php coreeventshtml.php
2012.10.01 17:47 B c:\moralcompassdemo\MoralCompassWP\wp-content\php\dbdefs.php --> marten.arvixe.com /www/wp-content/php dbdefs.php
2012.10.01 17:47 B c:\moralcompassdemo\MoralCompassWP\wp-content\php\topic.class.php --> marten.arvixe.com /www/wp-content/php topic.class.php
2012.10.01 17:47 B c:\moralcompassdemo\MoralCompassWP\wp-content\php\topicselection.class.php --> marten.arvixe.com /www/wp-content/php topicselection.class.php
2012.10.01 17:47 B c:\moralcompassdemo\MoralCompassWP\wp-content\php\topictimeperiod.class.php --> marten.arvixe.com /www/wp-content/php topictimeperiod.class.php
2012.10.01 17:47 B c:\moralcompassdemo\MoralCompassWP\wp-content\php\WS_FTP.LOG --> marten.arvixe.com /www/wp-content/php WS_FTP.LOG
2012.10.01 20:10 B c:\moralcompassdemo\MoralCompassWP\wp-content\php\dbdefs.php --> marten.arvixe.com /www/wp-content/php dbdefs.php
2012.10.03 14:41 B c:\moralcompassdemo\MyMoralCompass\MoralCompassWP\wp-content\php\coreevents.php --> marten.arvixe.com /www/wp-content/php coreevents.php
2012.10.03 14:41 B c:\moralcompassdemo\MyMoralCompass\MoralCompassWP\wp-content\php\topicselection.class.php --> marten.arvixe.com /www/wp-content/php topicselection.class.php
2012.10.03 18:07 B c:\moralcompassdemo\MyMoralCompass\MoralCompassWP\wp-content\php\coreevents.php --> marten.arvixe.com /www/wp-content/php coreevents.php
2012.10.09 18:15 B c:\moralcompassdemo\mymoralcompass\moralcompasswp\wp-content\php\coreevents.php --> marten.arvixe.com /www/wp-content/php coreevents.php
2012.10.09 21:31 B c:\moralcompassdemo\mymoralcompass\moralcompasswp\wp-content\php\coreevents.php --> marten.arvixe.com /www/wp-content/php coreevents.php
2012.10.21 20:57 B c:\moralcompassdemo\mymoralcompass\moralcompasswp\wp-content\php\featuredtopic.php --> marten.arvixe.com /www/wp-content/php featuredtopic.php
2012.10.21 20:58 B c:\moralcompassdemo\mymoralcompass\moralcompasswp\wp-content\php\coretimeperiod.php --> marten.arvixe.com /www/wp-content/php coretimeperiod.php
2012.10.21 20:58 B c:\moralcompassdemo\mymoralcompass\moralcompasswp\wp-content\php\featuredtopic.php --> marten.arvixe.com /www/wp-content/php featuredtopic.php
2012.10.21 20:58 B c:\moralcompassdemo\mymoralcompass\moralcompasswp\wp-content\php\coretimeperiod.php --> marten.arvixe.com /www/wp-content/php coretimeperiod.php
2012.10.21 20:58 B c:\moralcompassdemo\mymoralcompass\moralcompasswp\wp-content\php\coreevents.php --> marten.arvixe.com /www/wp-content/php coreevents.php
2012.10.21 20:58 B c:\moralcompassdemo\mymoralcompass\moralcompasswp\wp-content\php\topicselection.class.php --> marten.arvixe.com /www/wp-content/php topicselection.class.php
2012.10.21 20:59 B c:\moralcompassdemo\mymoralcompass\moralcompasswp\wp-content\php\util.php --> marten.arvixe.com /www/wp-content/php util.php
2012.10.21 20:59 B c:\moralcompassdemo\mymoralcompass\moralcompasswp\wp-content\php\topic.class.php --> marten.arvixe.com /www/wp-content/php topic.class.php
2012.10.21 21:04 B c:\moralcompassdemo\mymoralcompass\moralcompasswp\wp-content\php\coretimeperiod.php --> marten.arvixe.com /www/wp-content/php coretimeperiod.php
2012.10.25 07:12 B c:\moralcompassdemo\mymoralcompass\moralcompasswp\wp-content\php\featuredtopic.php --> marten.arvixe.com /www/wp-content/php featuredtopic.php
2012.10.25 07:12 B c:\moralcompassdemo\mymoralcompass\moralcompasswp\wp-content\php\coretimeperiod.php --> marten.arvixe.com /www/wp-content/php coretimeperiod.php
2012.10.25 07:12 B c:\moralcompassdemo\mymoralcompass\moralcompasswp\wp-content\php\topic.class.php --> marten.arvixe.com /www/wp-content/php topic.class.php
2012.10.25 07:12 B c:\moralcompassdemo\mymoralcompass\moralcompasswp\wp-content\php\coresearch.php --> marten.arvixe.com /www/wp-content/php coresearch.php
2012.10.25 07:12 B c:\moralcompassdemo\mymoralcompass\moralcompasswp\wp-content\php\searchresult.class.php --> marten.arvixe.com /www/wp-content/php searchresult.class.php
2012.10.25 08:51 B c:\moralcompassdemo\mymoralcompass\moralcompasswp\wp-content\php\searchresult.class.php --> marten.arvixe.com /www/wp-content/php searchresult.class.php
2012.10.26 07:45 B c:\moralcompassdemo\mymoralcompass\moralcompasswp\wp-content\php\coretimeperiod.php --> marten.arvixe.com /www/wp-content/php coretimeperiod.php
2012.10.31 09:12 B c:\moralcompassdemo\mymoralcompass\moralcompasswp\wp-content\php\coresearch.php --> marten.arvixe.com /public_html/wp-content/php coresearch.php
2012.10.31 09:12 B c:\moralcompassdemo\mymoralcompass\moralcompasswp\wp-content\php\searchresult.class.php --> marten.arvixe.com /public_html/wp-content/php searchresult.class.php
2012.10.31 09:12 B c:\moralcompassdemo\mymoralcompass\moralcompasswp\wp-content\php\util.php --> marten.arvixe.com /public_html/wp-content/php util.php
2012.10.31 09:12 B c:\moralcompassdemo\mymoralcompass\moralcompasswp\wp-content\php\coreevents.php --> marten.arvixe.com /public_html/wp-content/php coreevents.php
2012.10.31 09:15 B c:\moralcompassdemo\mymoralcompass\moralcompasswp\wp-content\php\coresearch.php --> marten.arvixe.com /www/wp-content/php coresearch.php
2012.11.04 08:34 B c:\moralcompassdemo\mymoralcompass\moralcompasswp\wp-content\php\coresearch.php --> marten.arvixe.com /www/wp-content/php coresearch.php
